SELECT `cpnl_users`.*
FROM (`cpnl_users`)
WHERE `usr_id` =  '854';
SELECT `cpnl_users_groups`.*, `cpnl_user_access`.*
FROM (`cpnl_users_groups`)
LEFT JOIN `cpnl_user_access` ON `cpnl_user_access`.`cua_user_id` = `cpnl_users_groups`.`user_id`
WHERE `cpnl_users_groups`.`user_id` =  '854';
SELECT `cpnl_users`.*
FROM (`cpnl_users`)
WHERE `usr_id` =  '854';
SELECT `cpnl_users_groups`.*, `cpnl_user_access`.*
FROM (`cpnl_users_groups`)
LEFT JOIN `cpnl_user_access` ON `cpnl_user_access`.`cua_user_id` = `cpnl_users_groups`.`user_id`
WHERE `cpnl_users_groups`.`user_id` =  '854';
SELECT `cpnl_followup`.`foll_id`, `cpnl_followup`.`foll_next_foll_date`, `cpnl_followup`.`foll_next_foll_date`, `cpnl_followup`.`foll_customer_feedback`, `cpnl_vehicle`.`veh_id`, `cpnl_vehicle`.`veh_brand`, `cpnl_vehicle`.`veh_model`, `cpnl_vehicle`.`veh_varient`, `cpnl_vehicle`.`veh_status`, `cpnl_enquiry`.`enq_cus_name`, `cpnl_enquiry`.`enq_id`, `rana_brand`.`brd_title`, `rana_model`.`mod_title`, `cpnl_enquiry`.`enq_current_status`, `rana_variant`.`var_variant_name`, `cpnl_enquiry`.`enq_cus_status`
FROM (`cpnl_followup`)
LEFT JOIN `cpnl_enquiry` ON `cpnl_enquiry`.`enq_id` = `cpnl_followup`.`foll_cus_id`
LEFT JOIN `cpnl_vehicle` ON `cpnl_vehicle`.`veh_id` = `cpnl_followup`.`foll_cus_vehicle_id`
LEFT JOIN `rana_brand` ON `rana_brand`.`brd_id` = `cpnl_vehicle`.`veh_brand`
LEFT JOIN `rana_model` ON `rana_model`.`mod_id` = `cpnl_vehicle`.`veh_model`
LEFT JOIN `rana_variant` ON `rana_variant`.`var_id` = `cpnl_vehicle`.`veh_varient`
WHERE `cpnl_enquiry`.`enq_se_id` = 854
AND (DATE(cpnl_followup.foll_next_foll_date) = CURDATE() OR DATE(cpnl_followup.foll_next_foll_date) = DATE_ADD(CURDATE(), INTERVAL +1 DAY)) AND cpnl_followup.foll_customer_feedback IS NULL
AND `cpnl_enquiry`.`enq_current_status` IN (1, 15, 14) ;
SELECT cpnl_register_master.vreg_cust_phone, cpnl_register_master.vreg_cust_name, cpnl_register_master.vreg_next_followup, TIMESTAMPDIFF(MINUTE, "2024-10-13 00:01", cpnl_register_master.vreg_next_followup ) AS dateDiff, cpnl_register_master.vreg_id, cpnl_users.usr_first_name
FROM (`cpnl_register_master`)
LEFT JOIN `cpnl_users` ON `cpnl_register_master`.`vreg_added_by` = `cpnl_users`.`usr_id`
WHERE `cpnl_register_master`.`vreg_status` IN (0, 1) 
AND `cpnl_register_master`.`vreg_is_punched` =  0
AND `cpnl_register_master`.`vreg_next_followup` IS NOT NULL
AND `cpnl_register_master`.`vreg_assigned_to` =  '854';
SELECT cpnl_register_master.vreg_cust_name, cpnl_register_master.vreg_cust_place, cpnl_register_master.vreg_cust_phone, cpnl_register_master.vreg_customer_remark, cpnl_register_master.vreg_last_action, cpnl_register_master.vreg_added_by, cpnl_register_master.vreg_assigned_to, cpnl_register_master.vreg_inquiry, cpnl_register_master.vreg_id, cpnl_register_master.vreg_added_on, assign.usr_first_name AS assign_usr_first_name, assign.usr_last_name AS assign_usr_last_name, addedby.usr_first_name AS addedby_usr_first_name, addedby.usr_last_name AS addedby_usr_last_name, cpnl_enquiry.enq_current_status
FROM (`cpnl_register_master`)
LEFT JOIN `cpnl_users` assign ON `assign`.`usr_id` = `cpnl_register_master`.`vreg_assigned_to`
LEFT JOIN `cpnl_users` addedby ON `addedby`.`usr_id` = `cpnl_register_master`.`vreg_added_by`
LEFT JOIN `cpnl_enquiry` ON `cpnl_enquiry`.`enq_id` = `cpnl_register_master`.`vreg_inquiry`
WHERE `cpnl_register_master`.`vreg_status` IN (0, 1) 
AND (cpnl_enquiry.enq_current_status NOT IN (4,6,2,5,3,7) OR cpnl_enquiry.enq_current_status IS NULL)
AND `vreg_assigned_to` =  '854'
AND (vreg_is_punched = 0);
===[took:0.009]===[datetime:: 2024-10-13 00:01:50]



SELECT `cpnl_users`.*
FROM (`cpnl_users`)
WHERE `usr_id` =  '854';
SELECT `cpnl_users_groups`.*, `cpnl_user_access`.*
FROM (`cpnl_users_groups`)
LEFT JOIN `cpnl_user_access` ON `cpnl_user_access`.`cua_user_id` = `cpnl_users_groups`.`user_id`
WHERE `cpnl_users_groups`.`user_id` =  '854';
SELECT `cpnl_dar_master`.`darm_is_verified`, `cpnl_dar_master`.`darm_id`, `cpnl_dar_master`.`darm_added_on`, `cpnl_dar_master`.`darm_expec_revenue`, `cpnl_dar_master`.`darm_challenges`, `cpnl_dar_master`.`darm_pending`, `cpnl_dar_master`.`darm_remarks`, `cpnl_dar_master`.`darm_verified_team_lead_on`, `cpnl_dar_master`.`darm_verified_manager_on`, `addedby`.`usr_username` AS ab_usr_username, `verifiedbytl`.`usr_username` AS vb_usr_username_tl, `cpnl_showroom`.*, `verifiedbymg`.`usr_username` AS vb_usr_username_mg
FROM (`cpnl_dar_master`)
LEFT JOIN `cpnl_users` addedby ON `addedby`.`usr_id` = `cpnl_dar_master`.`darm_added_by`
LEFT JOIN `cpnl_users` verifiedbytl ON `verifiedbytl`.`usr_id` = `cpnl_dar_master`.`darm_is_verified_team_lead`
LEFT JOIN `cpnl_users` verifiedbymg ON `verifiedbymg`.`usr_id` = `cpnl_dar_master`.`darm_is_verified_manager`
LEFT JOIN `cpnl_showroom` ON `cpnl_showroom`.`shr_id` = `cpnl_dar_master`.`darm_showroom`
WHERE `cpnl_dar_master`.`darm_added_by` =  '854'
ORDER BY `cpnl_dar_master`.`darm_added_on` DESC
LIMIT 10;
SELECT COUNT(*) as total
FROM (`cpnl_dar_master`)
WHERE `cpnl_dar_master`.`darm_added_by` =  '854';
===[took:0.001]===[datetime:: 2024-10-13 00:01:52]



SELECT `cpnl_users`.*
FROM (`cpnl_users`)
WHERE `usr_id` =  '854';
SELECT `cpnl_users_groups`.*, `cpnl_user_access`.*
FROM (`cpnl_users_groups`)
LEFT JOIN `cpnl_user_access` ON `cpnl_user_access`.`cua_user_id` = `cpnl_users_groups`.`user_id`
WHERE `cpnl_users_groups`.`user_id` =  '854';
SELECT `cpnl_users`.*
FROM (`cpnl_users`)
WHERE `usr_id` =  '854';
SELECT `cpnl_users_groups`.*, `cpnl_user_access`.*
FROM (`cpnl_users_groups`)
LEFT JOIN `cpnl_user_access` ON `cpnl_user_access`.`cua_user_id` = `cpnl_users_groups`.`user_id`
WHERE `cpnl_users_groups`.`user_id` =  '854';
SELECT `cpnl_followup`.`foll_id`, `cpnl_followup`.`foll_next_foll_date`, `cpnl_followup`.`foll_next_foll_date`, `cpnl_followup`.`foll_customer_feedback`, `cpnl_vehicle`.`veh_id`, `cpnl_vehicle`.`veh_brand`, `cpnl_vehicle`.`veh_model`, `cpnl_vehicle`.`veh_varient`, `cpnl_vehicle`.`veh_status`, `cpnl_enquiry`.`enq_cus_name`, `cpnl_enquiry`.`enq_id`, `rana_brand`.`brd_title`, `rana_model`.`mod_title`, `cpnl_enquiry`.`enq_current_status`, `rana_variant`.`var_variant_name`, `cpnl_enquiry`.`enq_cus_status`
FROM (`cpnl_followup`)
LEFT JOIN `cpnl_enquiry` ON `cpnl_enquiry`.`enq_id` = `cpnl_followup`.`foll_cus_id`
LEFT JOIN `cpnl_vehicle` ON `cpnl_vehicle`.`veh_id` = `cpnl_followup`.`foll_cus_vehicle_id`
LEFT JOIN `rana_brand` ON `rana_brand`.`brd_id` = `cpnl_vehicle`.`veh_brand`
LEFT JOIN `rana_model` ON `rana_model`.`mod_id` = `cpnl_vehicle`.`veh_model`
LEFT JOIN `rana_variant` ON `rana_variant`.`var_id` = `cpnl_vehicle`.`veh_varient`
WHERE `cpnl_enquiry`.`enq_se_id` = 854
AND (DATE(cpnl_followup.foll_next_foll_date) = CURDATE() OR DATE(cpnl_followup.foll_next_foll_date) = DATE_ADD(CURDATE(), INTERVAL +1 DAY)) AND cpnl_followup.foll_customer_feedback IS NULL
AND `cpnl_enquiry`.`enq_current_status` IN (1, 15, 14) ;
SELECT cpnl_register_master.vreg_cust_phone, cpnl_register_master.vreg_cust_name, cpnl_register_master.vreg_next_followup, TIMESTAMPDIFF(MINUTE, "2024-10-13 00:01", cpnl_register_master.vreg_next_followup ) AS dateDiff, cpnl_register_master.vreg_id, cpnl_users.usr_first_name
FROM (`cpnl_register_master`)
LEFT JOIN `cpnl_users` ON `cpnl_register_master`.`vreg_added_by` = `cpnl_users`.`usr_id`
WHERE `cpnl_register_master`.`vreg_status` IN (0, 1) 
AND `cpnl_register_master`.`vreg_is_punched` =  0
AND `cpnl_register_master`.`vreg_next_followup` IS NOT NULL
AND `cpnl_register_master`.`vreg_assigned_to` =  '854';
SELECT cpnl_register_master.vreg_cust_name, cpnl_register_master.vreg_cust_place, cpnl_register_master.vreg_cust_phone, cpnl_register_master.vreg_customer_remark, cpnl_register_master.vreg_last_action, cpnl_register_master.vreg_added_by, cpnl_register_master.vreg_assigned_to, cpnl_register_master.vreg_inquiry, cpnl_register_master.vreg_id, cpnl_register_master.vreg_added_on, assign.usr_first_name AS assign_usr_first_name, assign.usr_last_name AS assign_usr_last_name, addedby.usr_first_name AS addedby_usr_first_name, addedby.usr_last_name AS addedby_usr_last_name, cpnl_enquiry.enq_current_status
FROM (`cpnl_register_master`)
LEFT JOIN `cpnl_users` assign ON `assign`.`usr_id` = `cpnl_register_master`.`vreg_assigned_to`
LEFT JOIN `cpnl_users` addedby ON `addedby`.`usr_id` = `cpnl_register_master`.`vreg_added_by`
LEFT JOIN `cpnl_enquiry` ON `cpnl_enquiry`.`enq_id` = `cpnl_register_master`.`vreg_inquiry`
WHERE `cpnl_register_master`.`vreg_status` IN (0, 1) 
AND (cpnl_enquiry.enq_current_status NOT IN (4,6,2,5,3,7) OR cpnl_enquiry.enq_current_status IS NULL)
AND `vreg_assigned_to` =  '854'
AND (vreg_is_punched = 0);
===[took:0.004]===[datetime:: 2024-10-13 00:01:52]



SELECT `cpnl_users`.*
FROM (`cpnl_users`)
WHERE `usr_id` =  '854';
SELECT `cpnl_users_groups`.*, `cpnl_user_access`.*
FROM (`cpnl_users_groups`)
LEFT JOIN `cpnl_user_access` ON `cpnl_user_access`.`cua_user_id` = `cpnl_users_groups`.`user_id`
WHERE `cpnl_users_groups`.`user_id` =  '854';
SELECT `cpnl_dar_master`.`darm_is_verified`, `cpnl_dar_master`.`darm_id`, `cpnl_dar_master`.`darm_added_on`, `cpnl_dar_master`.`darm_expec_revenue`, `cpnl_dar_master`.`darm_challenges`, `cpnl_dar_master`.`darm_pending`, `cpnl_dar_master`.`darm_remarks`, `cpnl_dar_master`.`darm_verified_team_lead_on`, `cpnl_dar_master`.`darm_verified_manager_on`, `addedby`.`usr_username` AS ab_usr_username, `verifiedbytl`.`usr_username` AS vb_usr_username_tl, `cpnl_showroom`.*, `verifiedbymg`.`usr_username` AS vb_usr_username_mg
FROM (`cpnl_dar_master`)
LEFT JOIN `cpnl_users` addedby ON `addedby`.`usr_id` = `cpnl_dar_master`.`darm_added_by`
LEFT JOIN `cpnl_users` verifiedbytl ON `verifiedbytl`.`usr_id` = `cpnl_dar_master`.`darm_is_verified_team_lead`
LEFT JOIN `cpnl_users` verifiedbymg ON `verifiedbymg`.`usr_id` = `cpnl_dar_master`.`darm_is_verified_manager`
LEFT JOIN `cpnl_showroom` ON `cpnl_showroom`.`shr_id` = `cpnl_dar_master`.`darm_showroom`
WHERE DATE(cpnl_dar_master.darm_added_on) =  '2024-10-13'
AND `cpnl_dar_master`.`darm_added_by` = 854
ORDER BY `cpnl_dar_master`.`darm_added_on` DESC;
SET time_zone = '+05:30';
SELECT `cpnl_enquiry`.*, `cpnl_users`.*, `cpnl_showroom`.*, `cpnl_contact_mode`.*
FROM (`cpnl_enquiry`)
LEFT JOIN `cpnl_users` ON `cpnl_users`.`usr_id` = `cpnl_enquiry`.`enq_se_id`
LEFT JOIN `cpnl_showroom` ON `cpnl_showroom`.`shr_id` = `cpnl_enquiry`.`enq_showroom_id`
LEFT JOIN `cpnl_contact_mode` ON `cpnl_contact_mode`.`cmd_mod_id` = `cpnl_enquiry`.`enq_mode_enq`
WHERE `cpnl_enquiry`.`enq_id` NOT IN (SELECT dare_enq FROM cpnl_dar_enquiry)
AND `cpnl_enquiry`.`enq_se_id` =  '854'
AND  `cpnl_enquiry`.`enq_added_on`  LIKE '%2024-10-13%'
ORDER BY `cpnl_enquiry`.`enq_entry_date` DESC;
SELECT `enq_mode_enq`, COUNT(enq_mode_enq) enq_mode_enq_count, `cpnl_contact_mode`.`cmd_title`
FROM (`cpnl_enquiry`)
JOIN `cpnl_contact_mode` ON `cpnl_contact_mode`.`cmd_mod_id` = `cpnl_enquiry`.`enq_mode_enq`
WHERE DATE(cpnl_enquiry.enq_added_on) = DATE('2024-10-13')
AND `cpnl_enquiry`.`enq_id` NOT IN (SELECT dare_enq FROM cpnl_dar_enquiry)
AND `cpnl_enquiry`.`enq_se_id` =  '854'
GROUP BY `enq_mode_enq`;
SELECT `enq_cus_status`, COUNT(enq_cus_status) enq_cus_status_count
FROM (`cpnl_enquiry`)
WHERE DATE(cpnl_enquiry.enq_added_on) = DATE('2024-10-13')
AND `cpnl_enquiry`.`enq_id` NOT IN (SELECT dare_enq FROM cpnl_dar_enquiry)
AND `cpnl_enquiry`.`enq_se_id` =  '854'
GROUP BY `enq_cus_status`;
SELECT `enq_cus_when_buy`, COUNT(enq_cus_when_buy) enq_cus_when_buy_count
FROM (`cpnl_enquiry`)
WHERE DATE(cpnl_enquiry.enq_added_on) = DATE('2024-10-13')
AND `cpnl_enquiry`.`enq_id` NOT IN (SELECT dare_enq FROM cpnl_dar_enquiry)
AND `cpnl_enquiry`.`enq_se_id` =  '854'
GROUP BY `enq_cus_when_buy`;
SELECT `cpnl_followup`.*, `cpnl_enquiry`.*, `rana_model`.*, `rana_brand`.*, `rana_variant`.*, `cpnl_enquiry`.*, `cpnl_vehicle`.*
FROM (`cpnl_followup`)
LEFT JOIN `cpnl_enquiry` ON `cpnl_enquiry`.`enq_id` = `cpnl_followup`.`foll_cus_id`
LEFT JOIN `cpnl_vehicle` ON `cpnl_vehicle`.`veh_id` = `cpnl_followup`.`foll_cus_vehicle_id`
LEFT JOIN `rana_model` ON `rana_model`.`mod_id` = `cpnl_vehicle`.`veh_model`
LEFT JOIN `rana_brand` ON `rana_brand`.`brd_id` = `cpnl_vehicle`.`veh_brand`
LEFT JOIN `rana_variant` ON `rana_variant`.`var_id` = `cpnl_vehicle`.`veh_varient`
WHERE (cpnl_followup.foll_added_by = 854 OR cpnl_followup.foll_updated_by = 854)
AND (DATE(cpnl_followup.foll_entry_date) = DATE('2024-10-13') OR DATE(cpnl_followup.foll_customer_feedback_added_date) = DATE('2024-10-13')) AND cpnl_followup.foll_customer_feedback IS NOT NULL;
SELECT `cpnl_register_master`.*, `cpnl_contact_mode`.*, `rana_brand`.*, `rana_variant`.*, `rana_model`.*
FROM (`cpnl_register_master`)
LEFT JOIN `cpnl_contact_mode` ON `cpnl_contact_mode`.`cmd_mod_id` = `cpnl_register_master`.`vreg_contact_mode`
LEFT JOIN `rana_model` ON `rana_model`.`mod_id` = `cpnl_register_master`.`vreg_model`
LEFT JOIN `rana_brand` ON `rana_brand`.`brd_id` = `cpnl_register_master`.`vreg_brand`
LEFT JOIN `rana_variant` ON `rana_variant`.`var_id` = `cpnl_register_master`.`vreg_varient`
WHERE `vreg_first_owner` =  '854'
AND  `cpnl_register_master`.`vreg_added_on`  LIKE '%2024-10-13%';
SELECT `cpnl_register_followup`.*, `cpnl_register_master`.*, `cpnl_contact_mode`.*, `rana_brand`.*, `rana_variant`.*, `rana_model`.*
FROM (`cpnl_register_master`)
LEFT JOIN `cpnl_register_followup` ON `cpnl_register_followup`.`regf_reg_id` = `cpnl_register_master`.`vreg_id`
LEFT JOIN `cpnl_contact_mode` ON `cpnl_contact_mode`.`cmd_mod_id` = `cpnl_register_master`.`vreg_contact_mode`
LEFT JOIN `rana_model` ON `rana_model`.`mod_id` = `cpnl_register_master`.`vreg_model`
LEFT JOIN `rana_brand` ON `rana_brand`.`brd_id` = `cpnl_register_master`.`vreg_brand`
LEFT JOIN `rana_variant` ON `rana_variant`.`var_id` = `cpnl_register_master`.`vreg_varient`
WHERE `cpnl_register_followup`.`regf_added_by` =  '854'
AND DATE(cpnl_register_followup.regf_added_on) = DATE('2024-10-13');
SELECT `cpnl_users`.*
FROM (`cpnl_users`)
WHERE `usr_id` =  '854';
SELECT `cpnl_users_groups`.*, `cpnl_user_access`.*
FROM (`cpnl_users_groups`)
LEFT JOIN `cpnl_user_access` ON `cpnl_user_access`.`cua_user_id` = `cpnl_users_groups`.`user_id`
WHERE `cpnl_users_groups`.`user_id` =  '854';
SELECT `cpnl_followup`.`foll_id`, `cpnl_followup`.`foll_next_foll_date`, `cpnl_followup`.`foll_next_foll_date`, `cpnl_followup`.`foll_customer_feedback`, `cpnl_vehicle`.`veh_id`, `cpnl_vehicle`.`veh_brand`, `cpnl_vehicle`.`veh_model`, `cpnl_vehicle`.`veh_varient`, `cpnl_vehicle`.`veh_status`, `cpnl_enquiry`.`enq_cus_name`, `cpnl_enquiry`.`enq_id`, `rana_brand`.`brd_title`, `rana_model`.`mod_title`, `cpnl_enquiry`.`enq_current_status`, `rana_variant`.`var_variant_name`, `cpnl_enquiry`.`enq_cus_status`
FROM (`cpnl_followup`)
LEFT JOIN `cpnl_enquiry` ON `cpnl_enquiry`.`enq_id` = `cpnl_followup`.`foll_cus_id`
LEFT JOIN `cpnl_vehicle` ON `cpnl_vehicle`.`veh_id` = `cpnl_followup`.`foll_cus_vehicle_id`
LEFT JOIN `rana_brand` ON `rana_brand`.`brd_id` = `cpnl_vehicle`.`veh_brand`
LEFT JOIN `rana_model` ON `rana_model`.`mod_id` = `cpnl_vehicle`.`veh_model`
LEFT JOIN `rana_variant` ON `rana_variant`.`var_id` = `cpnl_vehicle`.`veh_varient`
WHERE `cpnl_enquiry`.`enq_se_id` = 854
AND (DATE(cpnl_followup.foll_next_foll_date) = CURDATE() OR DATE(cpnl_followup.foll_next_foll_date) = DATE_ADD(CURDATE(), INTERVAL +1 DAY)) AND cpnl_followup.foll_customer_feedback IS NULL
AND `cpnl_enquiry`.`enq_current_status` IN (1, 15, 14) ;
SELECT cpnl_register_master.vreg_cust_phone, cpnl_register_master.vreg_cust_name, cpnl_register_master.vreg_next_followup, TIMESTAMPDIFF(MINUTE, "2024-10-13 00:02", cpnl_register_master.vreg_next_followup ) AS dateDiff, cpnl_register_master.vreg_id, cpnl_users.usr_first_name
FROM (`cpnl_register_master`)
LEFT JOIN `cpnl_users` ON `cpnl_register_master`.`vreg_added_by` = `cpnl_users`.`usr_id`
WHERE `cpnl_register_master`.`vreg_status` IN (0, 1) 
AND `cpnl_register_master`.`vreg_is_punched` =  0
AND `cpnl_register_master`.`vreg_next_followup` IS NOT NULL
AND `cpnl_register_master`.`vreg_assigned_to` =  '854';
SELECT cpnl_register_master.vreg_cust_name, cpnl_register_master.vreg_cust_place, cpnl_register_master.vreg_cust_phone, cpnl_register_master.vreg_customer_remark, cpnl_register_master.vreg_last_action, cpnl_register_master.vreg_added_by, cpnl_register_master.vreg_assigned_to, cpnl_register_master.vreg_inquiry, cpnl_register_master.vreg_id, cpnl_register_master.vreg_added_on, assign.usr_first_name AS assign_usr_first_name, assign.usr_last_name AS assign_usr_last_name, addedby.usr_first_name AS addedby_usr_first_name, addedby.usr_last_name AS addedby_usr_last_name, cpnl_enquiry.enq_current_status
FROM (`cpnl_register_master`)
LEFT JOIN `cpnl_users` assign ON `assign`.`usr_id` = `cpnl_register_master`.`vreg_assigned_to`
LEFT JOIN `cpnl_users` addedby ON `addedby`.`usr_id` = `cpnl_register_master`.`vreg_added_by`
LEFT JOIN `cpnl_enquiry` ON `cpnl_enquiry`.`enq_id` = `cpnl_register_master`.`vreg_inquiry`
WHERE `cpnl_register_master`.`vreg_status` IN (0, 1) 
AND (cpnl_enquiry.enq_current_status NOT IN (4,6,2,5,3,7) OR cpnl_enquiry.enq_current_status IS NULL)
AND `vreg_assigned_to` =  '854'
AND (vreg_is_punched = 0);
===[took:0.004]===[datetime:: 2024-10-13 00:02:21]



SELECT `cpnl_users`.*
FROM (`cpnl_users`)
WHERE `usr_id` =  '854';
SELECT `cpnl_users_groups`.*, `cpnl_user_access`.*
FROM (`cpnl_users_groups`)
LEFT JOIN `cpnl_user_access` ON `cpnl_user_access`.`cua_user_id` = `cpnl_users_groups`.`user_id`
WHERE `cpnl_users_groups`.`user_id` =  '854';
SELECT `cpnl_dar_master`.`darm_is_verified`, `cpnl_dar_master`.`darm_id`, `cpnl_dar_master`.`darm_added_on`, `cpnl_dar_master`.`darm_expec_revenue`, `cpnl_dar_master`.`darm_challenges`, `cpnl_dar_master`.`darm_pending`, `cpnl_dar_master`.`darm_remarks`, `cpnl_dar_master`.`darm_verified_team_lead_on`, `cpnl_dar_master`.`darm_verified_manager_on`, `addedby`.`usr_username` AS ab_usr_username, `verifiedbytl`.`usr_username` AS vb_usr_username_tl, `cpnl_showroom`.*, `verifiedbymg`.`usr_username` AS vb_usr_username_mg
FROM (`cpnl_dar_master`)
LEFT JOIN `cpnl_users` addedby ON `addedby`.`usr_id` = `cpnl_dar_master`.`darm_added_by`
LEFT JOIN `cpnl_users` verifiedbytl ON `verifiedbytl`.`usr_id` = `cpnl_dar_master`.`darm_is_verified_team_lead`
LEFT JOIN `cpnl_users` verifiedbymg ON `verifiedbymg`.`usr_id` = `cpnl_dar_master`.`darm_is_verified_manager`
LEFT JOIN `cpnl_showroom` ON `cpnl_showroom`.`shr_id` = `cpnl_dar_master`.`darm_showroom`
WHERE DATE(cpnl_dar_master.darm_added_on) =  '2024-10-13'
AND `cpnl_dar_master`.`darm_added_by` = 854
ORDER BY `cpnl_dar_master`.`darm_added_on` DESC;
SET time_zone = '+05:30';
SELECT `cpnl_enquiry`.*, `cpnl_users`.*, `cpnl_showroom`.*, `cpnl_contact_mode`.*
FROM (`cpnl_enquiry`)
LEFT JOIN `cpnl_users` ON `cpnl_users`.`usr_id` = `cpnl_enquiry`.`enq_se_id`
LEFT JOIN `cpnl_showroom` ON `cpnl_showroom`.`shr_id` = `cpnl_enquiry`.`enq_showroom_id`
LEFT JOIN `cpnl_contact_mode` ON `cpnl_contact_mode`.`cmd_mod_id` = `cpnl_enquiry`.`enq_mode_enq`
WHERE `cpnl_enquiry`.`enq_id` NOT IN (SELECT dare_enq FROM cpnl_dar_enquiry)
AND `cpnl_enquiry`.`enq_se_id` =  '854'
AND  `cpnl_enquiry`.`enq_added_on`  LIKE '%2024-10-13%'
ORDER BY `cpnl_enquiry`.`enq_entry_date` DESC;
SELECT `enq_mode_enq`, COUNT(enq_mode_enq) enq_mode_enq_count, `cpnl_contact_mode`.`cmd_title`
FROM (`cpnl_enquiry`)
JOIN `cpnl_contact_mode` ON `cpnl_contact_mode`.`cmd_mod_id` = `cpnl_enquiry`.`enq_mode_enq`
WHERE DATE(cpnl_enquiry.enq_added_on) = DATE('2024-10-13')
AND `cpnl_enquiry`.`enq_id` NOT IN (SELECT dare_enq FROM cpnl_dar_enquiry)
AND `cpnl_enquiry`.`enq_se_id` =  '854'
GROUP BY `enq_mode_enq`;
SELECT `enq_cus_status`, COUNT(enq_cus_status) enq_cus_status_count
FROM (`cpnl_enquiry`)
WHERE DATE(cpnl_enquiry.enq_added_on) = DATE('2024-10-13')
AND `cpnl_enquiry`.`enq_id` NOT IN (SELECT dare_enq FROM cpnl_dar_enquiry)
AND `cpnl_enquiry`.`enq_se_id` =  '854'
GROUP BY `enq_cus_status`;
SELECT `enq_cus_when_buy`, COUNT(enq_cus_when_buy) enq_cus_when_buy_count
FROM (`cpnl_enquiry`)
WHERE DATE(cpnl_enquiry.enq_added_on) = DATE('2024-10-13')
AND `cpnl_enquiry`.`enq_id` NOT IN (SELECT dare_enq FROM cpnl_dar_enquiry)
AND `cpnl_enquiry`.`enq_se_id` =  '854'
GROUP BY `enq_cus_when_buy`;
SELECT `cpnl_followup`.*, `cpnl_enquiry`.*, `rana_model`.*, `rana_brand`.*, `rana_variant`.*, `cpnl_enquiry`.*, `cpnl_vehicle`.*
FROM (`cpnl_followup`)
LEFT JOIN `cpnl_enquiry` ON `cpnl_enquiry`.`enq_id` = `cpnl_followup`.`foll_cus_id`
LEFT JOIN `cpnl_vehicle` ON `cpnl_vehicle`.`veh_id` = `cpnl_followup`.`foll_cus_vehicle_id`
LEFT JOIN `rana_model` ON `rana_model`.`mod_id` = `cpnl_vehicle`.`veh_model`
LEFT JOIN `rana_brand` ON `rana_brand`.`brd_id` = `cpnl_vehicle`.`veh_brand`
LEFT JOIN `rana_variant` ON `rana_variant`.`var_id` = `cpnl_vehicle`.`veh_varient`
WHERE (cpnl_followup.foll_added_by = 854 OR cpnl_followup.foll_updated_by = 854)
AND (DATE(cpnl_followup.foll_entry_date) = DATE('2024-10-13') OR DATE(cpnl_followup.foll_customer_feedback_added_date) = DATE('2024-10-13')) AND cpnl_followup.foll_customer_feedback IS NOT NULL;
SELECT `cpnl_register_master`.*, `cpnl_contact_mode`.*, `rana_brand`.*, `rana_variant`.*, `rana_model`.*
FROM (`cpnl_register_master`)
LEFT JOIN `cpnl_contact_mode` ON `cpnl_contact_mode`.`cmd_mod_id` = `cpnl_register_master`.`vreg_contact_mode`
LEFT JOIN `rana_model` ON `rana_model`.`mod_id` = `cpnl_register_master`.`vreg_model`
LEFT JOIN `rana_brand` ON `rana_brand`.`brd_id` = `cpnl_register_master`.`vreg_brand`
LEFT JOIN `rana_variant` ON `rana_variant`.`var_id` = `cpnl_register_master`.`vreg_varient`
WHERE `vreg_first_owner` =  '854'
AND  `cpnl_register_master`.`vreg_added_on`  LIKE '%2024-10-13%';
SELECT `cpnl_register_followup`.*, `cpnl_register_master`.*, `cpnl_contact_mode`.*, `rana_brand`.*, `rana_variant`.*, `rana_model`.*
FROM (`cpnl_register_master`)
LEFT JOIN `cpnl_register_followup` ON `cpnl_register_followup`.`regf_reg_id` = `cpnl_register_master`.`vreg_id`
LEFT JOIN `cpnl_contact_mode` ON `cpnl_contact_mode`.`cmd_mod_id` = `cpnl_register_master`.`vreg_contact_mode`
LEFT JOIN `rana_model` ON `rana_model`.`mod_id` = `cpnl_register_master`.`vreg_model`
LEFT JOIN `rana_brand` ON `rana_brand`.`brd_id` = `cpnl_register_master`.`vreg_brand`
LEFT JOIN `rana_variant` ON `rana_variant`.`var_id` = `cpnl_register_master`.`vreg_varient`
WHERE `cpnl_register_followup`.`regf_added_by` =  '854'
AND DATE(cpnl_register_followup.regf_added_on) = DATE('2024-10-13');
SELECT `cpnl_users`.*
FROM (`cpnl_users`)
WHERE `usr_id` =  '854';
SELECT `cpnl_users_groups`.*, `cpnl_user_access`.*
FROM (`cpnl_users_groups`)
LEFT JOIN `cpnl_user_access` ON `cpnl_user_access`.`cua_user_id` = `cpnl_users_groups`.`user_id`
WHERE `cpnl_users_groups`.`user_id` =  '854';
SELECT `cpnl_followup`.`foll_id`, `cpnl_followup`.`foll_next_foll_date`, `cpnl_followup`.`foll_next_foll_date`, `cpnl_followup`.`foll_customer_feedback`, `cpnl_vehicle`.`veh_id`, `cpnl_vehicle`.`veh_brand`, `cpnl_vehicle`.`veh_model`, `cpnl_vehicle`.`veh_varient`, `cpnl_vehicle`.`veh_status`, `cpnl_enquiry`.`enq_cus_name`, `cpnl_enquiry`.`enq_id`, `rana_brand`.`brd_title`, `rana_model`.`mod_title`, `cpnl_enquiry`.`enq_current_status`, `rana_variant`.`var_variant_name`, `cpnl_enquiry`.`enq_cus_status`
FROM (`cpnl_followup`)
LEFT JOIN `cpnl_enquiry` ON `cpnl_enquiry`.`enq_id` = `cpnl_followup`.`foll_cus_id`
LEFT JOIN `cpnl_vehicle` ON `cpnl_vehicle`.`veh_id` = `cpnl_followup`.`foll_cus_vehicle_id`
LEFT JOIN `rana_brand` ON `rana_brand`.`brd_id` = `cpnl_vehicle`.`veh_brand`
LEFT JOIN `rana_model` ON `rana_model`.`mod_id` = `cpnl_vehicle`.`veh_model`
LEFT JOIN `rana_variant` ON `rana_variant`.`var_id` = `cpnl_vehicle`.`veh_varient`
WHERE `cpnl_enquiry`.`enq_se_id` = 854
AND (DATE(cpnl_followup.foll_next_foll_date) = CURDATE() OR DATE(cpnl_followup.foll_next_foll_date) = DATE_ADD(CURDATE(), INTERVAL +1 DAY)) AND cpnl_followup.foll_customer_feedback IS NULL
AND `cpnl_enquiry`.`enq_current_status` IN (1, 15, 14) ;
SELECT cpnl_register_master.vreg_cust_phone, cpnl_register_master.vreg_cust_name, cpnl_register_master.vreg_next_followup, TIMESTAMPDIFF(MINUTE, "2024-10-13 00:02", cpnl_register_master.vreg_next_followup ) AS dateDiff, cpnl_register_master.vreg_id, cpnl_users.usr_first_name
FROM (`cpnl_register_master`)
LEFT JOIN `cpnl_users` ON `cpnl_register_master`.`vreg_added_by` = `cpnl_users`.`usr_id`
WHERE `cpnl_register_master`.`vreg_status` IN (0, 1) 
AND `cpnl_register_master`.`vreg_is_punched` =  0
AND `cpnl_register_master`.`vreg_next_followup` IS NOT NULL
AND `cpnl_register_master`.`vreg_assigned_to` =  '854';
SELECT cpnl_register_master.vreg_cust_name, cpnl_register_master.vreg_cust_place, cpnl_register_master.vreg_cust_phone, cpnl_register_master.vreg_customer_remark, cpnl_register_master.vreg_last_action, cpnl_register_master.vreg_added_by, cpnl_register_master.vreg_assigned_to, cpnl_register_master.vreg_inquiry, cpnl_register_master.vreg_id, cpnl_register_master.vreg_added_on, assign.usr_first_name AS assign_usr_first_name, assign.usr_last_name AS assign_usr_last_name, addedby.usr_first_name AS addedby_usr_first_name, addedby.usr_last_name AS addedby_usr_last_name, cpnl_enquiry.enq_current_status
FROM (`cpnl_register_master`)
LEFT JOIN `cpnl_users` assign ON `assign`.`usr_id` = `cpnl_register_master`.`vreg_assigned_to`
LEFT JOIN `cpnl_users` addedby ON `addedby`.`usr_id` = `cpnl_register_master`.`vreg_added_by`
LEFT JOIN `cpnl_enquiry` ON `cpnl_enquiry`.`enq_id` = `cpnl_register_master`.`vreg_inquiry`
WHERE `cpnl_register_master`.`vreg_status` IN (0, 1) 
AND (cpnl_enquiry.enq_current_status NOT IN (4,6,2,5,3,7) OR cpnl_enquiry.enq_current_status IS NULL)
AND `vreg_assigned_to` =  '854'
AND (vreg_is_punched = 0);
===[took:0.003]===[datetime:: 2024-10-13 00:02:23]



SELECT `cpnl_users`.*
FROM (`cpnl_users`);
SELECT `cpnl_users_groups`.*, `cpnl_user_access`.*
FROM (`cpnl_users_groups`)
LEFT JOIN `cpnl_user_access` ON `cpnl_user_access`.`cua_user_id` = `cpnl_users_groups`.`user_id`
WHERE `cpnl_users_groups`.`user_id` IS NULL;
SELECT cpnl_register_master.vreg_cust_name, cpnl_register_master.vreg_cust_place, cpnl_register_master.vreg_cust_phone, cpnl_register_master.vreg_customer_remark, cpnl_register_master.vreg_last_action, cpnl_register_master.vreg_added_by, cpnl_register_master.vreg_assigned_to, cpnl_register_master.vreg_inquiry, cpnl_register_master.vreg_id, cpnl_register_master.vreg_added_on, assign.usr_first_name AS assign_usr_first_name, assign.usr_last_name AS assign_usr_last_name, addedby.usr_first_name AS addedby_usr_first_name, addedby.usr_last_name AS addedby_usr_last_name, cpnl_enquiry.enq_current_status
FROM (`cpnl_register_master`)
LEFT JOIN `cpnl_users` assign ON `assign`.`usr_id` = `cpnl_register_master`.`vreg_assigned_to`
LEFT JOIN `cpnl_users` addedby ON `addedby`.`usr_id` = `cpnl_register_master`.`vreg_added_by`
LEFT JOIN `cpnl_enquiry` ON `cpnl_enquiry`.`enq_id` = `cpnl_register_master`.`vreg_inquiry`
WHERE `cpnl_register_master`.`vreg_status` IN (0, 1) 
AND (cpnl_enquiry.enq_current_status NOT IN (4,6,2,5,3,7) OR cpnl_enquiry.enq_current_status IS NULL)
AND `vreg_assigned_to` =  0
AND (vreg_is_punched = 0);
===[took:2.3]===[datetime:: 2024-10-13 00:12:11]



SELECT `cpnl_users`.*
FROM (`cpnl_users`);
SELECT `cpnl_users_groups`.*, `cpnl_user_access`.*
FROM (`cpnl_users_groups`)
LEFT JOIN `cpnl_user_access` ON `cpnl_user_access`.`cua_user_id` = `cpnl_users_groups`.`user_id`
WHERE `cpnl_users_groups`.`user_id` IS NULL;
SELECT cpnl_register_master.vreg_cust_name, cpnl_register_master.vreg_cust_place, cpnl_register_master.vreg_cust_phone, cpnl_register_master.vreg_customer_remark, cpnl_register_master.vreg_last_action, cpnl_register_master.vreg_added_by, cpnl_register_master.vreg_assigned_to, cpnl_register_master.vreg_inquiry, cpnl_register_master.vreg_id, cpnl_register_master.vreg_added_on, assign.usr_first_name AS assign_usr_first_name, assign.usr_last_name AS assign_usr_last_name, addedby.usr_first_name AS addedby_usr_first_name, addedby.usr_last_name AS addedby_usr_last_name, cpnl_enquiry.enq_current_status
FROM (`cpnl_register_master`)
LEFT JOIN `cpnl_users` assign ON `assign`.`usr_id` = `cpnl_register_master`.`vreg_assigned_to`
LEFT JOIN `cpnl_users` addedby ON `addedby`.`usr_id` = `cpnl_register_master`.`vreg_added_by`
LEFT JOIN `cpnl_enquiry` ON `cpnl_enquiry`.`enq_id` = `cpnl_register_master`.`vreg_inquiry`
WHERE `cpnl_register_master`.`vreg_status` IN (0, 1) 
AND (cpnl_enquiry.enq_current_status NOT IN (4,6,2,5,3,7) OR cpnl_enquiry.enq_current_status IS NULL)
AND `vreg_assigned_to` =  0
AND (vreg_is_punched = 0);
===[took:1.995]===[datetime:: 2024-10-13 00:12:15]



SELECT `cpnl_users`.*
FROM (`cpnl_users`);
SELECT `cpnl_users_groups`.*, `cpnl_user_access`.*
FROM (`cpnl_users_groups`)
LEFT JOIN `cpnl_user_access` ON `cpnl_user_access`.`cua_user_id` = `cpnl_users_groups`.`user_id`
WHERE `cpnl_users_groups`.`user_id` IS NULL;
SELECT cpnl_register_master.vreg_cust_name, cpnl_register_master.vreg_cust_place, cpnl_register_master.vreg_cust_phone, cpnl_register_master.vreg_customer_remark, cpnl_register_master.vreg_last_action, cpnl_register_master.vreg_added_by, cpnl_register_master.vreg_assigned_to, cpnl_register_master.vreg_inquiry, cpnl_register_master.vreg_id, cpnl_register_master.vreg_added_on, assign.usr_first_name AS assign_usr_first_name, assign.usr_last_name AS assign_usr_last_name, addedby.usr_first_name AS addedby_usr_first_name, addedby.usr_last_name AS addedby_usr_last_name, cpnl_enquiry.enq_current_status
FROM (`cpnl_register_master`)
LEFT JOIN `cpnl_users` assign ON `assign`.`usr_id` = `cpnl_register_master`.`vreg_assigned_to`
LEFT JOIN `cpnl_users` addedby ON `addedby`.`usr_id` = `cpnl_register_master`.`vreg_added_by`
LEFT JOIN `cpnl_enquiry` ON `cpnl_enquiry`.`enq_id` = `cpnl_register_master`.`vreg_inquiry`
WHERE `cpnl_register_master`.`vreg_status` IN (0, 1) 
AND (cpnl_enquiry.enq_current_status NOT IN (4,6,2,5,3,7) OR cpnl_enquiry.enq_current_status IS NULL)
AND `vreg_assigned_to` =  0
AND (vreg_is_punched = 0);
===[took:2.123]===[datetime:: 2024-10-13 00:19:14]



SELECT `cpnl_users`.*
FROM (`cpnl_users`);
SELECT `cpnl_users_groups`.*, `cpnl_user_access`.*
FROM (`cpnl_users_groups`)
LEFT JOIN `cpnl_user_access` ON `cpnl_user_access`.`cua_user_id` = `cpnl_users_groups`.`user_id`
WHERE `cpnl_users_groups`.`user_id` IS NULL;
SELECT cpnl_register_master.vreg_cust_name, cpnl_register_master.vreg_cust_place, cpnl_register_master.vreg_cust_phone, cpnl_register_master.vreg_customer_remark, cpnl_register_master.vreg_last_action, cpnl_register_master.vreg_added_by, cpnl_register_master.vreg_assigned_to, cpnl_register_master.vreg_inquiry, cpnl_register_master.vreg_id, cpnl_register_master.vreg_added_on, assign.usr_first_name AS assign_usr_first_name, assign.usr_last_name AS assign_usr_last_name, addedby.usr_first_name AS addedby_usr_first_name, addedby.usr_last_name AS addedby_usr_last_name, cpnl_enquiry.enq_current_status
FROM (`cpnl_register_master`)
LEFT JOIN `cpnl_users` assign ON `assign`.`usr_id` = `cpnl_register_master`.`vreg_assigned_to`
LEFT JOIN `cpnl_users` addedby ON `addedby`.`usr_id` = `cpnl_register_master`.`vreg_added_by`
LEFT JOIN `cpnl_enquiry` ON `cpnl_enquiry`.`enq_id` = `cpnl_register_master`.`vreg_inquiry`
WHERE `cpnl_register_master`.`vreg_status` IN (0, 1) 
AND (cpnl_enquiry.enq_current_status NOT IN (4,6,2,5,3,7) OR cpnl_enquiry.enq_current_status IS NULL)
AND `vreg_assigned_to` =  0
AND (vreg_is_punched = 0);
===[took:1.903]===[datetime:: 2024-10-13 00:19:30]



SELECT `cpnl_users`.*
FROM (`cpnl_users`);
SELECT `cpnl_users_groups`.*, `cpnl_user_access`.*
FROM (`cpnl_users_groups`)
LEFT JOIN `cpnl_user_access` ON `cpnl_user_access`.`cua_user_id` = `cpnl_users_groups`.`user_id`
WHERE `cpnl_users_groups`.`user_id` IS NULL;
SELECT cpnl_register_master.vreg_cust_name, cpnl_register_master.vreg_cust_place, cpnl_register_master.vreg_cust_phone, cpnl_register_master.vreg_customer_remark, cpnl_register_master.vreg_last_action, cpnl_register_master.vreg_added_by, cpnl_register_master.vreg_assigned_to, cpnl_register_master.vreg_inquiry, cpnl_register_master.vreg_id, cpnl_register_master.vreg_added_on, assign.usr_first_name AS assign_usr_first_name, assign.usr_last_name AS assign_usr_last_name, addedby.usr_first_name AS addedby_usr_first_name, addedby.usr_last_name AS addedby_usr_last_name, cpnl_enquiry.enq_current_status
FROM (`cpnl_register_master`)
LEFT JOIN `cpnl_users` assign ON `assign`.`usr_id` = `cpnl_register_master`.`vreg_assigned_to`
LEFT JOIN `cpnl_users` addedby ON `addedby`.`usr_id` = `cpnl_register_master`.`vreg_added_by`
LEFT JOIN `cpnl_enquiry` ON `cpnl_enquiry`.`enq_id` = `cpnl_register_master`.`vreg_inquiry`
WHERE `cpnl_register_master`.`vreg_status` IN (0, 1) 
AND (cpnl_enquiry.enq_current_status NOT IN (4,6,2,5,3,7) OR cpnl_enquiry.enq_current_status IS NULL)
AND `vreg_assigned_to` =  0
AND (vreg_is_punched = 0);
===[took:2.297]===[datetime:: 2024-10-13 00:48:56]



